0 info it worked if it ends with ok
1 verbose cli [
1 verbose cli   '/web/.nvm/versions/node/v12.13.1/bin/node',
1 verbose cli   '/web/.nvm/versions/node/v12.13.1/bin/npm',
1 verbose cli   'start'
1 verbose cli ]
2 info using npm@6.12.1
3 info using node@v12.13.1
4 verbose config Skipping project config: /web/.npmrc. (matches userconfig)
5 verbose stack Error: missing script: start
5 verbose stack     at run (/web/.nvm/versions/node/v12.13.1/lib/node_modules/npm/lib/run-script.js:155:19)
5 verbose stack     at /web/.nvm/versions/node/v12.13.1/lib/node_modules/npm/lib/run-script.js:63:5
5 verbose stack     at /web/.nvm/versions/node/v12.13.1/lib/node_modules/npm/node_modules/read-package-json/read-json.js:116:5
5 verbose stack     at /web/.nvm/versions/node/v12.13.1/lib/node_modules/npm/node_modules/read-package-json/read-json.js:435:5
5 verbose stack     at checkBinReferences_ (/web/.nvm/versions/node/v12.13.1/lib/node_modules/npm/node_modules/read-package-json/read-json.js:391:45)
5 verbose stack     at final (/web/.nvm/versions/node/v12.13.1/lib/node_modules/npm/node_modules/read-package-json/read-json.js:433:3)
5 verbose stack     at then (/web/.nvm/versions/node/v12.13.1/lib/node_modules/npm/node_modules/read-package-json/read-json.js:161:5)
5 verbose stack     at ReadFileContext.<anonymous> (/web/.nvm/versions/node/v12.13.1/lib/node_modules/npm/node_modules/read-package-json/read-json.js:350:20)
5 verbose stack     at ReadFileContext.callback (/web/.nvm/versions/node/v12.13.1/lib/node_modules/npm/node_modules/graceful-fs/graceful-fs.js:115:16)
5 verbose stack     at FSReqCallback.readFileAfterOpen [as oncomplete] (fs.js:239:13)
6 verbose cwd /web
7 verbose Linux 3.10.0-957.27.2.el7.x86_64
8 verbose argv "/web/.nvm/versions/node/v12.13.1/bin/node" "/web/.nvm/versions/node/v12.13.1/bin/npm" "start"
9 verbose node v12.13.1
10 verbose npm  v6.12.1
11 error missing script: start
12 verbose exit [ 1, true ]
